<?xml version="1.0" encoding="UTF-8"?>
<testng-results ignored="1" total="28" passed="23" failed="3" skipped="1">
  <reporter-output>
  </reporter-output>
  <suite started-at="2022-06-04T18:39:55 IST" name="Suite" finished-at="2022-06-04T18:39:55 IST" duration-ms="343">
    <groups>
      <group name="smoke">
        <method signature="Day1.MobileLoan()[pri:0, instance:test1.Day1@63a12c68]" name="MobileLoan" class="test1.Day1"/>
        <method signature="Day4.DebitCard()[pri:0, instance:test1.Day4@32b260fa]" name="DebitCard" class="test1.Day4"/>
        <method signature="Day2.PassedHomeLoan()[pri:0, instance:test2.Day2@5b03b9fe]" name="PassedHomeLoan" class="test2.Day2"/>
      </group> <!-- smoke -->
      <group name="sanity">
        <method signature="Day4.ChecqueBook()[pri:0, instance:test1.Day4@32b260fa]" name="ChecqueBook" class="test1.Day4"/>
      </group> <!-- sanity -->
    </groups>
    <test started-at="2022-06-04T18:39:55 IST" name="PersonalLoan" finished-at="2022-06-04T18:39:55 IST" duration-ms="101">
      <class name="test1.Day4">
        <test-method is-config="true" signature="SetUpData()[pri:0, instance:test1.Day4@32b260fa]" started-at="2022-06-04T18:39:55 IST" name="SetUpData" finished-at="2022-06-04T18:39:55 IST" duration-ms="1" status="PASS">
          <reporter-output>
          </reporter-output>
        </test-method> <!-- SetUpData -->
        <test-method signature="ChecqueBook()[pri:0, instance:test1.Day4@32b260fa]" started-at="2022-06-04T18:39:55 IST" name="ChecqueBook" finished-at="2022-06-04T18:39:55 IST" duration-ms="3" status="PASS">
          <reporter-output>
          </reporter-output>
        </test-method> <!-- ChecqueBook -->
        <test-method signature="CreditCard()[pri:0, instance:test1.Day4@32b260fa]" started-at="2022-06-04T18:39:55 IST" name="CreditCard" finished-at="2022-06-04T18:39:55 IST" duration-ms="2" status="PASS">
          <reporter-output>
          </reporter-output>
        </test-method> <!-- CreditCard -->
        <test-method signature="DebitCard()[pri:0, instance:test1.Day4@32b260fa]" started-at="2022-06-04T18:39:55 IST" name="DebitCard" finished-at="2022-06-04T18:39:55 IST" duration-ms="2" status="PASS">
          <reporter-output>
          </reporter-output>
        </test-method> <!-- DebitCard -->
        <test-method signature="PassBook()[pri:0, instance:test1.Day4@32b260fa]" started-at="2022-06-04T18:39:55 IST" name="PassBook" finished-at="2022-06-04T18:39:55 IST" duration-ms="1" status="PASS">
          <reporter-output>
          </reporter-output>
        </test-method> <!-- PassBook -->
      </class> <!-- test1.Day4 -->
      <class name="test1.Day2">
        <test-method signature="HomeLoan()[pri:0, instance:test1.Day2@49c7b90e]" started-at="2022-06-04T18:39:55 IST" name="HomeLoan" finished-at="2022-06-04T18:39:55 IST" duration-ms="8" status="PASS">
          <reporter-output>
          </reporter-output>
        </test-method> <!-- HomeLoan -->
        <test-method signature="LandLoan()[pri:0, instance:test1.Day2@49c7b90e]" started-at="2022-06-04T18:39:55 IST" name="LandLoan" finished-at="2022-06-04T18:39:55 IST" duration-ms="3" status="PASS">
          <reporter-output>
          </reporter-output>
        </test-method> <!-- LandLoan -->
      </class> <!-- test1.Day2 -->
      <class name="test1.Day1">
        <test-method signature="CarLoan()[pri:0, instance:test1.Day1@63a12c68]" started-at="2022-06-04T18:39:55 IST" name="CarLoan" finished-at="2022-06-04T18:39:55 IST" duration-ms="2" status="PASS">
          <reporter-output>
          </reporter-output>
        </test-method> <!-- CarLoan -->
        <test-method signature="MobileLoan()[pri:0, instance:test1.Day1@63a12c68]" started-at="2022-06-04T18:39:55 IST" name="MobileLoan" finished-at="2022-06-04T18:39:55 IST" duration-ms="1" status="PASS">
          <reporter-output>
          </reporter-output>
        </test-method> <!-- MobileLoan -->
        <test-method is-config="true" signature="cleanLogs()[pri:0, instance:test1.Day1@63a12c68]" started-at="2022-06-04T18:39:55 IST" name="cleanLogs" finished-at="2022-06-04T18:39:55 IST" duration-ms="0" status="PASS">
          <reporter-output>
          </reporter-output>
        </test-method> <!-- cleanLogs -->
      </class> <!-- test1.Day1 -->
      <class name="test2.Day3">
        <test-method is-config="true" signature="StartClass()[pri:0, instance:test2.Day3@581ac8a8]" started-at="2022-06-04T18:39:55 IST" name="StartClass" finished-at="2022-06-04T18:39:55 IST" duration-ms="0" status="PASS">
          <reporter-output>
          </reporter-output>
        </test-method> <!-- StartClass -->
        <test-method signature="MobileCreditCard()[pri:0, instance:test2.Day3@581ac8a8]" started-at="2022-06-04T18:39:55 IST" name="MobileCreditCard" finished-at="2022-06-04T18:39:55 IST" duration-ms="1" status="PASS">
          <reporter-output>
          </reporter-output>
        </test-method> <!-- MobileCreditCard -->
        <test-method signature="MobileDebitCard()[pri:0, instance:test2.Day3@581ac8a8]" started-at="2022-06-04T18:39:55 IST" name="MobileDebitCard" finished-at="2022-06-04T18:39:55 IST" duration-ms="1" status="PASS">
          <reporter-output>
          </reporter-output>
        </test-method> <!-- MobileDebitCard -->
        <test-method signature="PhoneChecQueBook()[pri:0, instance:test2.Day3@581ac8a8]" started-at="2022-06-04T18:39:55 IST" name="PhoneChecQueBook" finished-at="2022-06-04T18:39:55 IST" duration-ms="5" status="PASS">
          <reporter-output>
          </reporter-output>
        </test-method> <!-- PhoneChecQueBook -->
        <test-method signature="PhonePassBook()[pri:0, instance:test2.Day3@581ac8a8]" started-at="2022-06-04T18:39:55 IST" name="PhonePassBook" finished-at="2022-06-04T18:39:55 IST" duration-ms="2" status="PASS">
          <reporter-output>
          </reporter-output>
        </test-method> <!-- PhonePassBook -->
        <test-method is-config="true" signature="EndClass()[pri:0, instance:test2.Day3@581ac8a8]" started-at="2022-06-04T18:39:55 IST" name="EndClass" finished-at="2022-06-04T18:39:55 IST" duration-ms="1" status="PASS">
          <reporter-output>
          </reporter-output>
        </test-method> <!-- EndClass -->
      </class> <!-- test2.Day3 -->
    </test> <!-- PersonalLoan -->
    <test started-at="2022-06-04T18:39:55 IST" name="CarLoan" finished-at="2022-06-04T18:39:55 IST" duration-ms="119">
      <class name="test1.Day4">
        <test-method is-config="true" signature="SetGlobalData()[pri:0, instance:test1.Day4@32b260fa]" started-at="2022-06-04T18:39:55 IST" name="SetGlobalData" finished-at="2022-06-04T18:39:55 IST" duration-ms="10" status="PASS">
          <reporter-output>
          </reporter-output>
        </test-method> <!-- SetGlobalData -->
      </class> <!-- test1.Day4 -->
      <class name="test1.Day3">
        <test-method is-config="true" signature="ValidationData()[pri:0, instance:test1.Day3@7c711375]" started-at="2022-06-04T18:39:55 IST" name="ValidationData" finished-at="2022-06-04T18:39:55 IST" duration-ms="1" status="PASS">
          <reporter-output>
          </reporter-output>
        </test-method> <!-- ValidationData -->
        <test-method signature="FourLoan()[pri:0, instance:test1.Day3@7c711375]" started-at="2022-06-04T18:39:55 IST" name="FourLoan" finished-at="2022-06-04T18:39:55 IST" duration-ms="3" status="PASS">
          <reporter-output>
          </reporter-output>
        </test-method> <!-- FourLoan -->
        <test-method is-config="true" signature="AuthenticateData()[pri:0, instance:test1.Day3@7c711375]" started-at="2022-06-04T18:39:55 IST" name="AuthenticateData" finished-at="2022-06-04T18:39:55 IST" duration-ms="1" status="PASS">
          <reporter-output>
          </reporter-output>
        </test-method> <!-- AuthenticateData -->
        <test-method is-config="true" signature="ValidationData()[pri:0, instance:test1.Day3@7c711375]" started-at="2022-06-04T18:39:55 IST" name="ValidationData" finished-at="2022-06-04T18:39:55 IST" duration-ms="0" status="PASS">
          <reporter-output>
          </reporter-output>
        </test-method> <!-- ValidationData -->
        <test-method signature="OneLoan(java.lang.String)[pri:0, instance:test1.Day3@7c711375]" started-at="2022-06-04T18:39:55 IST" name="OneLoan" finished-at="2022-06-04T18:39:55 IST" duration-ms="2" status="PASS">
          <params>
            <param index="0">
              <value>
                <![CDATA[CarLoan.com]]>
              </value>
            </param>
          </params>
          <reporter-output>
          </reporter-output>
        </test-method> <!-- OneLoan -->
        <test-method is-config="true" signature="AuthenticateData()[pri:0, instance:test1.Day3@7c711375]" started-at="2022-06-04T18:39:55 IST" name="AuthenticateData" finished-at="2022-06-04T18:39:55 IST" duration-ms="1" status="PASS">
          <reporter-output>
          </reporter-output>
        </test-method> <!-- AuthenticateData -->
        <test-method is-config="true" signature="ValidationData()[pri:0, instance:test1.Day3@7c711375]" started-at="2022-06-04T18:39:55 IST" name="ValidationData" finished-at="2022-06-04T18:39:55 IST" duration-ms="1" status="PASS">
          <reporter-output>
          </reporter-output>
        </test-method> <!-- ValidationData -->
        <test-method signature="ThreeLoan()[pri:0, instance:test1.Day3@7c711375]" started-at="2022-06-04T18:39:55 IST" name="ThreeLoan" finished-at="2022-06-04T18:39:55 IST" duration-ms="2" status="PASS">
          <reporter-output>
          </reporter-output>
        </test-method> <!-- ThreeLoan -->
        <test-method is-config="true" signature="AuthenticateData()[pri:0, instance:test1.Day3@7c711375]" started-at="2022-06-04T18:39:55 IST" name="AuthenticateData" finished-at="2022-06-04T18:39:55 IST" duration-ms="1" status="PASS">
          <reporter-output>
          </reporter-output>
        </test-method> <!-- AuthenticateData -->
        <test-method is-config="true" signature="ValidationData()[pri:0, instance:test1.Day3@7c711375]" started-at="2022-06-04T18:39:55 IST" name="ValidationData" finished-at="2022-06-04T18:39:55 IST" duration-ms="1" status="PASS">
          <reporter-output>
          </reporter-output>
        </test-method> <!-- ValidationData -->
        <test-method signature="TwoLoan()[pri:0, instance:test1.Day3@7c711375]" started-at="2022-06-04T18:39:55 IST" name="TwoLoan" finished-at="2022-06-04T18:39:55 IST" duration-ms="3" status="PASS">
          <reporter-output>
          </reporter-output>
        </test-method> <!-- TwoLoan -->
        <test-method is-config="true" signature="AuthenticateData()[pri:0, instance:test1.Day3@7c711375]" started-at="2022-06-04T18:39:55 IST" name="AuthenticateData" finished-at="2022-06-04T18:39:55 IST" duration-ms="1" status="PASS">
          <reporter-output>
          </reporter-output>
        </test-method> <!-- AuthenticateData -->
      </class> <!-- test1.Day3 -->
      <class name="test1.Day2">
        <test-method is-config="true" signature="clearingCookies()[pri:0, instance:test1.Day2@49c7b90e]" started-at="2022-06-04T18:39:55 IST" name="clearingCookies" finished-at="2022-06-04T18:39:55 IST" duration-ms="0" status="PASS">
          <reporter-output>
          </reporter-output>
        </test-method> <!-- clearingCookies -->
      </class> <!-- test1.Day2 -->
      <class name="test2.Day1">
        <test-method signature="LogOutFunc()[pri:0, instance:test2.Day1@57cf54e1]" started-at="2022-06-04T18:39:55 IST" name="LogOutFunc" finished-at="2022-06-04T18:39:55 IST" duration-ms="2" status="PASS">
          <reporter-output>
          </reporter-output>
        </test-method> <!-- LogOutFunc -->
        <test-method signature="LoginFunc()[pri:0, instance:test2.Day1@57cf54e1]" started-at="2022-06-04T18:39:55 IST" name="LoginFunc" finished-at="2022-06-04T18:39:55 IST" duration-ms="3" status="PASS">
          <reporter-output>
          </reporter-output>
        </test-method> <!-- LoginFunc -->
        <test-method signature="SignInFunc()[pri:0, instance:test2.Day1@57cf54e1]" started-at="2022-06-04T18:39:55 IST" name="SignInFunc" finished-at="2022-06-04T18:39:55 IST" duration-ms="2" status="PASS">
          <reporter-output>
          </reporter-output>
        </test-method> <!-- SignInFunc -->
        <test-method signature="SignOut()[pri:0, instance:test2.Day1@57cf54e1]" started-at="2022-06-04T18:39:55 IST" name="SignOut" finished-at="2022-06-04T18:39:55 IST" duration-ms="2" status="PASS">
          <reporter-output>
          </reporter-output>
        </test-method> <!-- SignOut -->
      </class> <!-- test2.Day1 -->
      <class name="test2.Day5">
        <test-method signature="setGlobalValue(java.lang.String)[pri:0, instance:test2.Day5@2805d709]" started-at="2022-06-04T18:39:55 IST" name="setGlobalValue" finished-at="2022-06-04T18:39:55 IST" duration-ms="0" status="FAIL">
          <exception class="org.testng.TestNGException">
            <message>
              <![CDATA[
Parameter 'URL' is required by @Test on method setGlobalValue but has not been marked @Optional or defined
in G:\Selenium_4.0\Selenium_Projects\TestNgTutorial1\testng5.xml]]>
            </message>
            <full-stacktrace>
              <![CDATA[org.testng.TestNGException: 
Parameter 'URL' is required by @Test on method setGlobalValue but has not been marked @Optional or defined
in G:\Selenium_4.0\Selenium_Projects\TestNgTutorial1\testng5.xml
at org.testng.internal.Parameters.createParams(Parameters.java:270)
at org.testng.internal.Parameters.createParametersForMethod(Parameters.java:358)
at org.testng.internal.Parameters.createParameters(Parameters.java:700)
at org.testng.internal.Parameters.handleParameters(Parameters.java:884)
at org.testng.internal.Parameters.handleParameters(Parameters.java:740)
at org.testng.internal.ParameterHandler.handleParameters(ParameterHandler.java:59)
at org.testng.internal.ParameterHandler.createParameters(ParameterHandler.java:38)
at org.testng.internal.TestInvoker$MethodInvocationAgent.invoke(TestInvoker.java:791)
at org.testng.internal.TestInvoker.invokeTestMethods(TestInvoker.java:146)
at org.testng.internal.TestMethodWorker.invokeTestMethods(TestMethodWorker.java:146)
at org.testng.internal.TestMethodWorker.run(TestMethodWorker.java:128)
at java.base/java.util.ArrayList.forEach(ArrayList.java:1511)
at org.testng.TestRunner.privateRun(TestRunner.java:794)
at org.testng.TestRunner.run(TestRunner.java:596)
at org.testng.SuiteRunner.runTest(SuiteRunner.java:377)
at org.testng.SuiteRunner.runSequentially(SuiteRunner.java:371)
at org.testng.SuiteRunner.privateRun(SuiteRunner.java:332)
at org.testng.SuiteRunner.run(SuiteRunner.java:276)
at org.testng.SuiteRunnerWorker.runSuite(SuiteRunnerWorker.java:53)
at org.testng.SuiteRunnerWorker.run(SuiteRunnerWorker.java:96)
at org.testng.TestNG.runSuitesSequentially(TestNG.java:1212)
at org.testng.TestNG.runSuitesLocally(TestNG.java:1134)
at org.testng.TestNG.runSuites(TestNG.java:1063)
at org.testng.TestNG.run(TestNG.java:1031)
at org.testng.remote.AbstractRemoteTestNG.run(AbstractRemoteTestNG.java:115)
at org.testng.remote.RemoteTestNG.initAndRun(RemoteTestNG.java:251)
at org.testng.remote.RemoteTestNG.main(RemoteTestNG.java:77)
]]>
            </full-stacktrace>
          </exception> <!-- org.testng.TestNGException -->
          <reporter-output>
          </reporter-output>
        </test-method> <!-- setGlobalValue -->
      </class> <!-- test2.Day5 -->
      <class name="test2.Day4">
        <test-method signature="setDataUP(java.lang.String,java.lang.String)[pri:0, instance:test2.Day4@6e0f5f7f]" started-at="2022-06-04T18:39:55 IST" name="setDataUP" finished-at="2022-06-04T18:39:55 IST" duration-ms="0" status="FAIL">
          <exception class="org.testng.TestNGException">
            <message>
              <![CDATA[
Parameter 'URL' is required by @Test on method setDataUP but has not been marked @Optional or defined
in G:\Selenium_4.0\Selenium_Projects\TestNgTutorial1\testng5.xml]]>
            </message>
            <full-stacktrace>
              <![CDATA[org.testng.TestNGException: 
Parameter 'URL' is required by @Test on method setDataUP but has not been marked @Optional or defined
in G:\Selenium_4.0\Selenium_Projects\TestNgTutorial1\testng5.xml
at org.testng.internal.Parameters.createParams(Parameters.java:270)
at org.testng.internal.Parameters.createParametersForMethod(Parameters.java:358)
at org.testng.internal.Parameters.createParameters(Parameters.java:700)
at org.testng.internal.Parameters.handleParameters(Parameters.java:884)
at org.testng.internal.Parameters.handleParameters(Parameters.java:740)
at org.testng.internal.ParameterHandler.handleParameters(ParameterHandler.java:59)
at org.testng.internal.ParameterHandler.createParameters(ParameterHandler.java:38)
at org.testng.internal.TestInvoker$MethodInvocationAgent.invoke(TestInvoker.java:791)
at org.testng.internal.TestInvoker.invokeTestMethods(TestInvoker.java:146)
at org.testng.internal.TestMethodWorker.invokeTestMethods(TestMethodWorker.java:146)
at org.testng.internal.TestMethodWorker.run(TestMethodWorker.java:128)
at java.base/java.util.ArrayList.forEach(ArrayList.java:1511)
at org.testng.TestRunner.privateRun(TestRunner.java:794)
at org.testng.TestRunner.run(TestRunner.java:596)
at org.testng.SuiteRunner.runTest(SuiteRunner.java:377)
at org.testng.SuiteRunner.runSequentially(SuiteRunner.java:371)
at org.testng.SuiteRunner.privateRun(SuiteRunner.java:332)
at org.testng.SuiteRunner.run(SuiteRunner.java:276)
at org.testng.SuiteRunnerWorker.runSuite(SuiteRunnerWorker.java:53)
at org.testng.SuiteRunnerWorker.run(SuiteRunnerWorker.java:96)
at org.testng.TestNG.runSuitesSequentially(TestNG.java:1212)
at org.testng.TestNG.runSuitesLocally(TestNG.java:1134)
at org.testng.TestNG.runSuites(TestNG.java:1063)
at org.testng.TestNG.run(TestNG.java:1031)
at org.testng.remote.AbstractRemoteTestNG.run(AbstractRemoteTestNG.java:115)
at org.testng.remote.RemoteTestNG.initAndRun(RemoteTestNG.java:251)
at org.testng.remote.RemoteTestNG.main(RemoteTestNG.java:77)
]]>
            </full-stacktrace>
          </exception> <!-- org.testng.TestNGException -->
          <reporter-output>
          </reporter-output>
        </test-method> <!-- setDataUP -->
        <test-method signature="setPassword()[pri:0, instance:test2.Day4@6e0f5f7f]" started-at="2022-06-04T18:39:55 IST" name="setPassword" finished-at="2022-06-04T18:39:55 IST" duration-ms="9" status="PASS">
          <reporter-output>
          </reporter-output>
        </test-method> <!-- setPassword -->
        <test-method signature="zallAreDone()[pri:0, instance:test2.Day4@6e0f5f7f]" started-at="2022-06-04T18:39:55 IST" name="zallAreDone" finished-at="2022-06-04T18:39:55 IST" duration-ms="2" status="PASS">
          <reporter-output>
          </reporter-output>
        </test-method> <!-- zallAreDone -->
        <test-method signature="login()[pri:0, instance:test2.Day4@6e0f5f7f]" started-at="2022-06-04T18:39:55 IST" name="login" finished-at="2022-06-04T18:39:55 IST" depends-on-methods="test2.Day4.setPassword, test2.Day4.setDataUP" duration-ms="0" status="SKIP">
          <exception class="java.lang.Throwable">
            <message>
              <![CDATA[Method Day4.login()[pri:0, instance:test2.Day4@6e0f5f7f] depends on not successfully finished methods]]>
            </message>
            <full-stacktrace>
              <![CDATA[java.lang.Throwable: Method Day4.login()[pri:0, instance:test2.Day4@6e0f5f7f] depends on not successfully finished methods
at org.testng.internal.TestInvoker.invokeTestMethods(TestInvoker.java:102)
at org.testng.internal.TestMethodWorker.invokeTestMethods(TestMethodWorker.java:146)
at org.testng.internal.TestMethodWorker.run(TestMethodWorker.java:128)
at java.base/java.util.ArrayList.forEach(ArrayList.java:1511)
at org.testng.TestRunner.privateRun(TestRunner.java:794)
at org.testng.TestRunner.run(TestRunner.java:596)
at org.testng.SuiteRunner.runTest(SuiteRunner.java:377)
at org.testng.SuiteRunner.runSequentially(SuiteRunner.java:371)
at org.testng.SuiteRunner.privateRun(SuiteRunner.java:332)
at org.testng.SuiteRunner.run(SuiteRunner.java:276)
at org.testng.SuiteRunnerWorker.runSuite(SuiteRunnerWorker.java:53)
at org.testng.SuiteRunnerWorker.run(SuiteRunnerWorker.java:96)
at org.testng.TestNG.runSuitesSequentially(TestNG.java:1212)
at org.testng.TestNG.runSuitesLocally(TestNG.java:1134)
at org.testng.TestNG.runSuites(TestNG.java:1063)
at org.testng.TestNG.run(TestNG.java:1031)
at org.testng.remote.AbstractRemoteTestNG.run(AbstractRemoteTestNG.java:115)
at org.testng.remote.RemoteTestNG.initAndRun(RemoteTestNG.java:251)
at org.testng.remote.RemoteTestNG.main(RemoteTestNG.java:77)
]]>
            </full-stacktrace>
          </exception> <!-- java.lang.Throwable -->
          <reporter-output>
          </reporter-output>
        </test-method> <!-- login -->
      </class> <!-- test2.Day4 -->
      <class name="test2.Day2">
        <test-method is-config="true" signature="setUpData()[pri:0, instance:test2.Day2@5b03b9fe]" started-at="2022-06-04T18:39:55 IST" name="setUpData" finished-at="2022-06-04T18:39:55 IST" duration-ms="1" status="PASS">
          <reporter-output>
          </reporter-output>
        </test-method> <!-- setUpData -->
        <test-method signature="FailedHomeLoan()[pri:0, instance:test2.Day2@5b03b9fe]" started-at="2022-06-04T18:39:55 IST" name="FailedHomeLoan" finished-at="2022-06-04T18:39:55 IST" duration-ms="5" status="FAIL">
          <exception class="java.lang.AssertionError">
            <message>
              <![CDATA[expected [true] but found [false]]]>
            </message>
            <full-stacktrace>
              <![CDATA[java.lang.AssertionError: expected [true] but found [false]
at org.testng.Assert.fail(Assert.java:99)
at org.testng.Assert.failNotEquals(Assert.java:1037)
at org.testng.Assert.assertTrue(Assert.java:45)
at org.testng.Assert.assertTrue(Assert.java:55)
at test2.Day2.FailedHomeLoan(Day2.java:24)
at java.base/jdk.internal.reflect.NativeMethodAccessorImpl.invoke0(Native Method)
at java.base/jdk.internal.reflect.NativeMethodAccessorImpl.invoke(NativeMethodAccessorImpl.java:78)
at java.base/jdk.internal.reflect.DelegatingMethodAccessorImpl.invoke(DelegatingMethodAccessorImpl.java:43)
at java.base/java.lang.reflect.Method.invoke(Method.java:567)
at org.testng.internal.MethodInvocationHelper.invokeMethod(MethodInvocationHelper.java:133)
at org.testng.internal.TestInvoker.invokeMethod(TestInvoker.java:598)
at org.testng.internal.TestInvoker.invokeTestMethod(TestInvoker.java:173)
at org.testng.internal.MethodRunner.runInSequence(MethodRunner.java:46)
at org.testng.internal.TestInvoker$MethodInvocationAgent.invoke(TestInvoker.java:824)
at org.testng.internal.TestInvoker.invokeTestMethods(TestInvoker.java:146)
at org.testng.internal.TestMethodWorker.invokeTestMethods(TestMethodWorker.java:146)
at org.testng.internal.TestMethodWorker.run(TestMethodWorker.java:128)
at java.base/java.util.ArrayList.forEach(ArrayList.java:1511)
at org.testng.TestRunner.privateRun(TestRunner.java:794)
at org.testng.TestRunner.run(TestRunner.java:596)
at org.testng.SuiteRunner.runTest(SuiteRunner.java:377)
at org.testng.SuiteRunner.runSequentially(SuiteRunner.java:371)
at org.testng.SuiteRunner.privateRun(SuiteRunner.java:332)
at org.testng.SuiteRunner.run(SuiteRunner.java:276)
at org.testng.SuiteRunnerWorker.runSuite(SuiteRunnerWorker.java:53)
at org.testng.SuiteRunnerWorker.run(SuiteRunnerWorker.java:96)
at org.testng.TestNG.runSuitesSequentially(TestNG.java:1212)
at org.testng.TestNG.runSuitesLocally(TestNG.java:1134)
at org.testng.TestNG.runSuites(TestNG.java:1063)
at org.testng.TestNG.run(TestNG.java:1031)
at org.testng.remote.AbstractRemoteTestNG.run(AbstractRemoteTestNG.java:115)
at org.testng.remote.RemoteTestNG.initAndRun(RemoteTestNG.java:251)
at org.testng.remote.RemoteTestNG.main(RemoteTestNG.java:77)
]]>
            </full-stacktrace>
          </exception> <!-- java.lang.AssertionError -->
          <reporter-output>
          </reporter-output>
        </test-method> <!-- FailedHomeLoan -->
        <test-method signature="PassedHomeLoan()[pri:0, instance:test2.Day2@5b03b9fe]" started-at="2022-06-04T18:39:55 IST" name="PassedHomeLoan" finished-at="2022-06-04T18:39:55 IST" duration-ms="2" status="PASS">
          <reporter-output>
          </reporter-output>
        </test-method> <!-- PassedHomeLoan -->
        <test-method is-config="true" signature="cleanLogs()[pri:0, instance:test2.Day2@5b03b9fe]" started-at="2022-06-04T18:39:55 IST" name="cleanLogs" finished-at="2022-06-04T18:39:55 IST" duration-ms="1" status="PASS">
          <reporter-output>
          </reporter-output>
        </test-method> <!-- cleanLogs -->
      </class> <!-- test2.Day2 -->
    </test> <!-- CarLoan -->
  </suite> <!-- Suite -->
</testng-results>
